make all --print-data-base --no-builtin-variables --no-builtin-rules --question
# GNU Make 3.81
# Copyright (C) 2006  Free Software Foundation, Inc.
# This is free software; see the source for copying conditions.
# There is NO warranty; not even for MERCHANTABILITY or FITNESS FOR A
# PARTICULAR PURPOSE.

# This program built for i386-apple-darwin11.3.0

# Make data base, printed on Mon Jul 11 15:31:48 2022

# Variables

# automatic
<D = $(patsubst %/,%,$(dir $<))
# automatic
?F = $(notdir $?)
# environment
ELECTRON_NO_ATTACH_CONSOLE = 1
# makefile (from `makefile', line 2)
TARGET = lab4
# environment
NVM_INC = /Users/vtn2/.nvm/versions/node/v16.15.0/include/node
# automatic
?D = $(patsubst %/,%,$(dir $?))
# makefile (from `makefile', line 8)
CPPFLAGS = -Wall -I. -g
# makefile (from `makefile', line 12)
INCLUDES := Vec.h
# automatic
@D = $(patsubst %/,%,$(dir $@))
# automatic
@F = $(notdir $@)
# makefile
CURDIR := /Users/vtn2/classes/cs112/cs112-assignment-repos/cs112-lab4-assignment
# makefile
SHELL = /bin/sh
# environment
VSCODE_NLS_CONFIG = {"locale":"en-us","availableLanguages":{},"_languagePackSupport":true}
# environment
_ = /usr/bin/make
# makefile (from `makefile', line 14)
rm = rm -f
# makefile (from `makefile', line 1)
MAKEFILE_LIST :=  makefile
# makefile (from `makefile', line 5)
SOURCES = Vec.cpp
# environment
__CFBundleIdentifier = com.microsoft.VSCode
# makefile (from `makefile', line 7)
CPP = g++ --std=c++11 -c
# environment
VSCODE_CWD = /Users/vtn2/classes/cs112/cs112-assignment-repos/cs112-lab4-assignment
# environment
PATH = /Users/vtn2/.nvm/versions/node/v16.15.0/bin:/Users/vtn2/bin:/usr/local/bin:/Library/Frameworks/Python.framework/Versions/3.10/bin:/usr/local/bin:/usr/bin:/bin:/usr/sbin:/sbin:/opt/X11/bin:/Library/Apple/usr/bin:/Applications/Wireshark.app/Contents/MacOS:/Users/vtn2/Library/Android/sdk/tools/bin:/Users/vtn2/Library/Android/sdk/platform-tools:/Users/vtn2/Library/Android/sdk/emulator
# environment
LSCOLORS = Gxfxcxdxbxegedabagacad
# environment
NODE_ENV = development
# environment
NVM_BIN = /Users/vtn2/.nvm/versions/node/v16.15.0/bin
# environment
ELECTRON_RUN_AS_NODE = 1
# environment
ANDROID_HOME = /Users/vtn2/Library/Android/sdk
# default
.FEATURES := target-specific order-only second-expansion else-if archives jobserver check-symlink
# environment
SSH_AUTH_SOCK = /private/tmp/com.apple.launchd.Vgov7MFJnr/Listeners
# environment
JDK_HOME = /Library/Java/JavaVirtualMachines/jdk-12.0.2.jdk/Contents/Home
# automatic
%F = $(notdir $%)
# environment
DISPLAY = /private/tmp/com.apple.launchd.euK9b0BV8Q/org.xquartz:0
# environment
PWD = /Users/vtn2/classes/cs112/cs112-assignment-repos/cs112-lab4-assignment
# environment
ORIGINAL_XDG_CURRENT_DESKTOP = undefined
# environment
VSCODE_AMD_ENTRYPOINT = vs/workbench/api/node/extensionHostProcess
# environment
HOME = /Users/vtn2
# default
MAKEFILEPATH := /Applications/Xcode.app/Contents/Developer/Makefiles
# environment
VSCODE_CLI = 1
# environment
VSCODE_CODE_CACHE_PATH = /Users/vtn2/Library/Application Support/Code/CachedData/92d25e35d9bf1a6b16f7d0758f25d48ace11e5b9
# environment
LOGNAME = vtn2
# environment
APPLICATION_INSIGHTS_NO_DIAGNOSTIC_CHANNEL = 1
# environment
NVM_CD_FLAGS = -q
# environment
ZSH = /Users/vtn2/.oh-my-zsh
# environment
VSCODE_HANDLES_UNCAUGHT_ERRORS = true
# automatic
^D = $(patsubst %/,%,$(dir $^))
# environment
XPC_FLAGS = 0x0
# environment
COLORTERM = truecolor
# default
MAKE = $(MAKE_COMMAND)
# default
MAKECMDGOALS := all
# environment
SHLVL = 3
# default
MAKE_VERSION := 3.81
# environment
USER = vtn2
# makefile
.DEFAULT_GOAL := all
# environment
TERM_SESSION_ID = w1t0p0:C6522283-2316-45F3-972C-365F76324DCB
# environment
LESS = -R
# automatic
%D = $(patsubst %/,%,$(dir $%))
# makefile (from `makefile', line 10)
LFLAGS = -Wall
# default
MAKE_COMMAND := /Applications/Xcode.app/Contents/Developer/usr/bin/make
# environment
TERM_PROGRAM = iTerm.app
# default
.VARIABLES := 
# environment
TMPDIR = /var/folders/ch/nj5y0njj26v5ypchc30_5jv40000gp/T/
# automatic
*F = $(notdir $*)
# environment
VSCODE_IPC_HOOK = /Users/vtn2/Library/Application Support/Code/1.69.0-main.sock
# environment
MallocNanoZone = 0
# makefile (from `makefile', line 9)
LINKER = g++ -o
# makefile
MAKEFLAGS = Rrqp
# environment
MFLAGS = -Rrqp
# automatic
*D = $(patsubst %/,%,$(dir $*))
# environment
TERM_PROGRAM_VERSION = 3.2.9
# environment
NVM_DIR = /Users/vtn2/.nvm
# environment
XPC_SERVICE_NAME = application.com.microsoft.VSCode.111409350.111409356.08428E65-643E-4022-9997-6736778B7EC8
# automatic
+D = $(patsubst %/,%,$(dir $+))
# automatic
+F = $(notdir $+)
# environment
ITERM_SESSION_ID = w1t0p0:C6522283-2316-45F3-972C-365F76324DCB
# environment
COLORFGBG = 15;0
# environment
__CF_USER_TEXT_ENCODING = 0x1F6:0x0:0x0
# environment
COMMAND_MODE = unix2003
# default
MAKEFILES := 
# automatic
<F = $(notdir $<)
# environment
ITERM_PROFILE = blue
# environment
PAGER = less
# environment
ANDROID_SDK_ROOT = /Users/vtn2/Library/Android/sdk
# environment
LC_ALL = C
# automatic
^F = $(notdir $^)
# default
SUFFIXES := 
# default
.INCLUDE_DIRS = /usr/local/include
# environment
ANDROID_AVD_HOME = /Users/vtn2/.android/avd
# environment
MAKELEVEL := 0
# makefile (from `makefile', line 13)
OBJECTS := Vec.o
# environment
LANG = C
# environment
TERM = xterm-256color
# environment
VSCODE_PID = 85953
# makefile (from `makefile', line 3)
TEST_TARGET = tester
# variable set hash-table stats:
# Load=92/1024=9%, Rehash=0, Collisions=2/122=2%

# Pattern-specific Variable Values

# No pattern-specific variable values.

# Directories

# . (device 16777220, inode 111569423): 11 files, no impossibilities.

# 11 files, no impossibilities in 1 directories.

# Implicit Rules

# No implicit rules.

# Files

# Not a target:
Vec.h:
#  Implicit rule search has been done.
#  Last modified 2022-07-11 09:37:34
#  File has been updated.
#  Successfully updated.
# variable set hash-table stats:
# Load=0/32=0%, Rehash=0, Collisions=0/0=0%

all: tester
#  Phony target (prerequisite of .PHONY).
#  Command-line target.
#  Implicit rule search has not been done.
#  File does not exist.
#  File has not been updated.
# variable set hash-table stats:
# Load=0/32=0%, Rehash=0, Collisions=0/0=0%

.PHONY: obj clean all
#  Implicit rule search has not been done.
#  Modification time never checked.
#  File has not been updated.

# Not a target:
Vec.cpp:
#  Implicit rule search has been done.
#  Last modified 2022-07-11 09:37:24
#  File has been updated.
#  Successfully updated.
# variable set hash-table stats:
# Load=0/32=0%, Rehash=0, Collisions=0/0=0%

lab4: obj main.o
#  Implicit rule search has not been done.
#  Modification time never checked.
#  File has not been updated.
#  commands to execute (from `makefile', line 21):
	$(LINKER) $(TARGET) $(LFLAGS) $(OBJECTS) main.o
	@echo "Linking complete!"
	

# Not a target:
tests.o:
#  Implicit rule search has not been done.
#  Modification time never checked.
#  File has not been updated.

# Not a target:
.SUFFIXES:
#  Implicit rule search has not been done.
#  Modification time never checked.
#  File has not been updated.

tester: obj tests.o
#  Implicit rule search has not been done.
#  File does not exist.
#  File has not been updated.
# variable set hash-table stats:
# Load=0/32=0%, Rehash=0, Collisions=0/0=0%
#  commands to execute (from `makefile', line 25):
	$(LINKER) $(TEST_TARGET) $(LFLAGS) $(OBJECTS) tests.o
	@echo "Linking complete!"
	

# Not a target:
makefile:
#  Implicit rule search has been done.
#  Last modified 2022-07-11 09:33:43
#  File has been updated.
#  Successfully updated.
# variable set hash-table stats:
# Load=0/32=0%, Rehash=0, Collisions=0/0=0%

# Not a target:
main.cpp:
#  Implicit rule search has been done.
#  File does not exist.
#  File has not been updated.
# variable set hash-table stats:
# Load=0/32=0%, Rehash=0, Collisions=0/0=0%

obj: Vec.cpp Vec.h main.cpp tests.cpp
#  Phony target (prerequisite of .PHONY).
#  Implicit rule search has not been done.
#  File does not exist.
#  File has not been updated.
# variable set hash-table stats:
# Load=0/32=0%, Rehash=0, Collisions=0/0=0%
#  commands to execute (from `makefile', line 29):
	$(CPP) $(CPPFLAGS) $(SOURCES) main.cpp tests.cpp
	@echo "Compilation complete!"
	

 
make: *** No rule to make target `main.cpp', needed by `obj'.  Stop.

# Not a target:
.DEFAULT:
#  Implicit rule search has not been done.
#  Modification time never checked.
#  File has not been updated.

clean:
#  Phony target (prerequisite of .PHONY).
#  Implicit rule search has not been done.
#  File does not exist.
#  File has not been updated.
#  commands to execute (from `makefile', line 33):
	$(rm) $(TARGET) $(TEST_TARGET) $(OBJECTS) main.o tests.o
	@echo "Cleanup complete!"
	

# Not a target:
tests.cpp:
#  Implicit rule search has not been done.
#  Modification time never checked.
#  File has not been updated.

# Not a target:
main.o:
#  Implicit rule search has not been done.
#  Modification time never checked.
#  File has not been updated.

# files hash-table stats:
# Load=15/1024=1%, Rehash=0, Collisions=0/40=0%
# VPATH Search Paths

# No `vpath' search paths.

# No general (`VPATH' variable) search path.

# # of strings in strcache: 1
# # of strcache buffers: 1
# strcache size: total = 4096 / max = 4096 / min = 4096 / avg = 4096
# strcache free: total = 4087 / max = 4087 / min = 4087 / avg = 4087

# Finished Make data base on Mon Jul 11 15:31:48 2022

 
